<?xml version="1.0" encoding="UTF-8"?>
<testsuite xmlns:xsi="http://www.w3.org/2001/XMLSchema-instance" xsi:noNamespaceSchemaLocation="https://maven.apache.org/surefire/maven-surefire-plugin/xsd/surefire-test-report-3.0.xsd" version="3.0" name="QuotationServiceUnitTest" time="2.205" tests="1" errors="0" skipped="0" failures="0">
  <properties>
[...]
</properties>
  <testcase name="connectionTest" classname="QuotationServiceUnitTest" time="0.656">
    <system-out><![CDATA[service.core.Quotation@36bc415e
]]></system-out>
    <system-err><![CDATA[Oct 03, 2023 8:03:31 PM com.sun.xml.ws.server.MonitorBase createRoot
INFO: Metro monitoring rootname successfully set to: com.sun.metro:pp=/,type=WSEndpoint,name=QuotationService-QuotationServicePort
Oct 03, 2023 8:03:32 PM com.sun.xml.wss.provider.wsit.SecurityTubeFactory isSecurityConfigPresent
WARNING: WSSPVD0066: ServletContext was not found
java.lang.ClassNotFoundException: javax.servlet.ServletContext
	at java.net.URLClassLoader.findClass(URLClassLoader.java:387)
	at java.lang.ClassLoader.loadClass(ClassLoader.java:418)
	at sun.misc.Launcher$AppClassLoader.loadClass(Launcher.java:352)
	at java.lang.ClassLoader.loadClass(ClassLoader.java:351)
	at java.lang.Class.forName0(Native Method)
	at java.lang.Class.forName(Class.java:264)
	at com.sun.xml.wss.provider.wsit.SecurityTubeFactory.isSecurityConfigPresent(SecurityTubeFactory.java:402)
	at com.sun.xml.wss.provider.wsit.SecurityTubeFactory.createTube(SecurityTubeFactory.java:171)
	at com.sun.xml.ws.assembler.TubeCreator.createTube(TubeCreator.java:67)
	at com.sun.xml.ws.assembler.MetroTubelineAssembler.createServer(MetroTubelineAssembler.java:166)
	at com.sun.xml.ws.server.WSEndpointImpl.<init>(WSEndpointImpl.java:163)
	at com.sun.xml.ws.server.EndpointFactory.create(EndpointFactory.java:307)
	at com.sun.xml.ws.server.EndpointFactory.create(EndpointFactory.java:302)
	at com.sun.xml.ws.server.EndpointFactory.createEndpoint(EndpointFactory.java:134)
	at com.sun.xml.ws.api.server.WSEndpoint.create(WSEndpoint.java:548)
	at com.sun.xml.ws.api.server.WSEndpoint.create(WSEndpoint.java:530)
	at com.sun.xml.ws.transport.http.server.EndpointImpl.createEndpoint(EndpointImpl.java:304)
	at com.sun.xml.ws.transport.http.server.EndpointImpl.publish(EndpointImpl.java:217)
	at com.sun.xml.ws.spi.ProviderImpl.createAndPublishEndpoint(ProviderImpl.java:111)
	at javax.xml.ws.Endpoint.publish(Endpoint.java:240)
	at QuotationServiceUnitTest.setup(QuotationServiceUnitTest.java:18)
	at sun.reflect.NativeMethodAccessorImpl.invoke0(Native Method)
	at sun.reflect.NativeMethodAccessorImpl.invoke(NativeMethodAccessorImpl.java:62)
	at sun.reflect.DelegatingMethodAccessorImpl.invoke(DelegatingMethodAccessorImpl.java:43)
	at java.lang.reflect.Method.invoke(Method.java:498)
	at org.junit.runners.model.FrameworkMethod$1.runReflectiveCall(FrameworkMethod.java:50)
	at org.junit.internal.runners.model.ReflectiveCallable.run(ReflectiveCallable.java:12)
	at org.junit.runners.model.FrameworkMethod.invokeExplosively(FrameworkMethod.java:47)
	at org.junit.internal.runners.statements.RunBefores.evaluate(RunBefores.java:24)
	at org.junit.runners.ParentRunner.run(ParentRunner.java:363)
	at org.apache.maven.surefire.junit4.JUnit4Provider.execute(JUnit4Provider.java:316)
	at org.apache.maven.surefire.junit4.JUnit4Provider.executeWithRerun(JUnit4Provider.java:240)
	at org.apache.maven.surefire.junit4.JUnit4Provider.executeTestSet(JUnit4Provider.java:214)
	at org.apache.maven.surefire.junit4.JUnit4Provider.invoke(JUnit4Provider.java:155)
	at org.apache.maven.surefire.booter.ForkedBooter.runSuitesInProcess(ForkedBooter.java:385)
	at org.apache.maven.surefire.booter.ForkedBooter.execute(ForkedBooter.java:162)
	at org.apache.maven.surefire.booter.ForkedBooter.run(ForkedBooter.java:507)
	at org.apache.maven.surefire.booter.ForkedBooter.main(ForkedBooter.java:495)

]]></system-err>
  </testcase>
</testsuite>