-------------------------------------------------------------------------------
Test set: BrokerServiceUnitTest
-------------------------------------------------------------------------------
Tests run: 1, Failures: 0, Errors: 1, Skipped: 0, Time elapsed: 5.554 s <<< FAILURE! -- in BrokerServiceUnitTest
BrokerServiceUnitTest -- Time elapsed: 5.460 s <<< ERROR!
java.lang.OutOfMemoryError: unable to create new native thread
	at java.lang.Thread.start0(Native Method)
	at java.lang.Thread.start(Thread.java:719)
	at java.util.Timer.<init>(Timer.java:176)
	at javax.jmdns.impl.DNSTaskStarter$DNSTaskStarterImpl$StarterTimer.<init>(DNSTaskStarter.java:189)
	at javax.jmdns.impl.DNSTaskStarter$DNSTaskStarterImpl.<init>(DNSTaskStarter.java:277)
	at javax.jmdns.impl.DNSTaskStarter$Factory.newDNSTaskStarter(DNSTaskStarter.java:102)
	at javax.jmdns.impl.DNSTaskStarter$Factory.getStarter(DNSTaskStarter.java:131)
	at javax.jmdns.impl.JmDNSImpl.startProber(JmDNSImpl.java:1681)
	at javax.jmdns.impl.JmDNSImpl.start(JmDNSImpl.java:434)
	at javax.jmdns.impl.JmDNSImpl.<init>(JmDNSImpl.java:424)
	at javax.jmdns.JmDNS.create(JmDNS.java:99)
	at service.broker.JmdnsClient.<init>(JmdnsClient.java:20)
	at service.broker.JmdnsClient.getInstance(JmdnsClient.java:36)
	at service.broker.JmdnsClient.<init>(JmdnsClient.java:22)
	at service.broker.JmdnsClient.getInstance(JmdnsClient.java:36)
	at service.broker.JmdnsClient.<init>(JmdnsClient.java:22)
	at service.broker.JmdnsClient.getInstance(JmdnsClient.java:36)
	at service.broker.JmdnsClient.<init>(JmdnsClient.java:22)
	at service.broker.JmdnsClient.getInstance(JmdnsClient.java:36)
	at service.broker.JmdnsClient.<init>(JmdnsClient.java:22)
	at service.broker.JmdnsClient.getInstance(JmdnsClient.java:36)
	at service.broker.JmdnsClient.<init>(JmdnsClient.java:22)
	at service.broker.JmdnsClient.getInstance(JmdnsClient.java:36)
	at service.broker.JmdnsClient.<init>(JmdnsClient.java:22)
	at service.broker.JmdnsClient.getInstance(JmdnsClient.java:36)
	at service.broker.JmdnsClient.<init>(JmdnsClient.java:22)
	at service.broker.JmdnsClient.getInstance(JmdnsClient.java:36)
	at service.broker.JmdnsClient.<init>(JmdnsClient.java:22)
	at service.broker.JmdnsClient.getInstance(JmdnsClient.java:36)
	at service.broker.JmdnsClient.<init>(JmdnsClient.java:22)
	at service.broker.JmdnsClient.getInstance(JmdnsClient.java:36)
	at service.broker.JmdnsClient.<init>(JmdnsClient.java:22)
	at service.broker.JmdnsClient.getInstance(JmdnsClient.java:36)
	at service.broker.JmdnsClient.<init>(JmdnsClient.java:22)
	at service.broker.JmdnsClient.getInstance(JmdnsClient.java:36)
	at service.broker.JmdnsClient.<init>(JmdnsClient.java:22)
	at service.broker.JmdnsClient.getInstance(JmdnsClient.java:36)
	at service.broker.JmdnsClient.<init>(JmdnsClient.java:22)
	at service.broker.JmdnsClient.getInstance(JmdnsClient.java:36)
	at service.broker.JmdnsClient.<init>(JmdnsClient.java:22)
	at service.broker.JmdnsClient.getInstance(JmdnsClient.java:36)
	at service.broker.JmdnsClient.<init>(JmdnsClient.java:22)
	at service.broker.JmdnsClient.getInstance(JmdnsClient.java:36)
	at service.broker.JmdnsClient.<init>(JmdnsClient.java:22)
	at service.broker.JmdnsClient.getInstance(JmdnsClient.java:36)
	at service.broker.JmdnsClient.<init>(JmdnsClient.java:22)
	at service.broker.JmdnsClient.getInstance(JmdnsClient.java:36)
	at service.broker.JmdnsClient.<init>(JmdnsClient.java:22)
	at service.broker.JmdnsClient.getInstance(JmdnsClient.java:36)
	at service.broker.JmdnsClient.<init>(JmdnsClient.java:22)
	at service.broker.JmdnsClient.getInstance(JmdnsClient.java:36)
	at service.broker.JmdnsClient.<init>(JmdnsClient.java:22)
	at service.broker.JmdnsClient.getInstance(JmdnsClient.java:36)
	at service.broker.JmdnsClient.<init>(JmdnsClient.java:22)
	at service.broker.JmdnsClient.getInstance(JmdnsClient.java:36)
	at service.broker.JmdnsClient.<init>(JmdnsClient.java:22)
	at service.broker.JmdnsClient.getInstance(JmdnsClient.java:36)
	at service.broker.JmdnsClient.<init>(JmdnsClient.java:22)
	at service.broker.JmdnsClient.getInstance(JmdnsClient.java:36)
	at service.broker.JmdnsClient.<init>(JmdnsClient.java:22)
	at service.broker.JmdnsClient.getInstance(JmdnsClient.java:36)
	at service.broker.JmdnsClient.<init>(JmdnsClient.java:22)
	at service.broker.JmdnsClient.getInstance(JmdnsClient.java:36)
	at service.broker.JmdnsClient.<init>(JmdnsClient.java:22)
	at service.broker.JmdnsClient.getInstance(JmdnsClient.java:36)
	at service.broker.JmdnsClient.<init>(JmdnsClient.java:22)
	at service.broker.JmdnsClient.getInstance(JmdnsClient.java:36)
	at service.broker.JmdnsClient.<init>(JmdnsClient.java:22)
	at service.broker.JmdnsClient.getInstance(JmdnsClient.java:36)
	at service.broker.JmdnsClient.<init>(JmdnsClient.java:22)
	at service.broker.JmdnsClient.getInstance(JmdnsClient.java:36)
	at service.broker.JmdnsClient.<init>(JmdnsClient.java:22)
	at service.broker.JmdnsClient.getInstance(JmdnsClient.java:36)
	at service.broker.JmdnsClient.<init>(JmdnsClient.java:22)
	at service.broker.JmdnsClient.getInstance(JmdnsClient.java:36)
	at service.broker.JmdnsClient.<init>(JmdnsClient.java:22)
	at service.broker.JmdnsClient.getInstance(JmdnsClient.java:36)
	at service.broker.JmdnsClient.<init>(JmdnsClient.java:22)
	at service.broker.JmdnsClient.getInstance(JmdnsClient.java:36)
	at service.broker.JmdnsClient.<init>(JmdnsClient.java:22)
	at service.broker.JmdnsClient.getInstance(JmdnsClient.java:36)
	at service.broker.JmdnsClient.<init>(JmdnsClient.java:22)
	at service.broker.JmdnsClient.getInstance(JmdnsClient.java:36)
	at service.broker.JmdnsClient.<init>(JmdnsClient.java:22)
	at service.broker.JmdnsClient.getInstance(JmdnsClient.java:36)
	at service.broker.JmdnsClient.<init>(JmdnsClient.java:22)
	at service.broker.JmdnsClient.getInstance(JmdnsClient.java:36)
	at service.broker.JmdnsClient.<init>(JmdnsClient.java:22)
	at service.broker.JmdnsClient.getInstance(JmdnsClient.java:36)
	at service.broker.JmdnsClient.<init>(JmdnsClient.java:22)
	at service.broker.JmdnsClient.getInstance(JmdnsClient.java:36)
	at service.broker.JmdnsClient.<init>(JmdnsClient.java:22)
	at service.broker.JmdnsClient.getInstance(JmdnsClient.java:36)
	at service.broker.JmdnsClient.<init>(JmdnsClient.java:22)
	at service.broker.JmdnsClient.getInstance(JmdnsClient.java:36)
	at service.broker.JmdnsClient.<init>(JmdnsClient.java:22)
	at service.broker.JmdnsClient.getInstance(JmdnsClient.java:36)
	at service.broker.JmdnsClient.<init>(JmdnsClient.java:22)
	at service.broker.JmdnsClient.getInstance(JmdnsClient.java:36)
	at service.broker.JmdnsClient.<init>(JmdnsClient.java:22)
	at service.broker.JmdnsClient.getInstance(JmdnsClient.java:36)
	at service.broker.JmdnsClient.<init>(JmdnsClient.java:22)
	at service.broker.JmdnsClient.getInstance(JmdnsClient.java:36)
	at service.broker.JmdnsClient.<init>(JmdnsClient.java:22)
	at service.broker.JmdnsClient.getInstance(JmdnsClient.java:36)
	at service.broker.JmdnsClient.<init>(JmdnsClient.java:22)
	at service.broker.JmdnsClient.getInstance(JmdnsClient.java:36)
	at service.broker.JmdnsClient.<init>(JmdnsClient.java:22)
	at service.broker.JmdnsClient.getInstance(JmdnsClient.java:36)
	at service.broker.JmdnsClient.<init>(JmdnsClient.java:22)
	at service.broker.JmdnsClient.getInstance(JmdnsClient.java:36)
	at service.broker.JmdnsClient.<init>(JmdnsClient.java:22)
	at service.broker.JmdnsClient.getInstance(JmdnsClient.java:36)
	at service.broker.JmdnsClient.<init>(JmdnsClient.java:22)
	at service.broker.JmdnsClient.getInstance(JmdnsClient.java:36)
	at service.broker.JmdnsClient.<init>(JmdnsClient.java:22)
	at service.broker.JmdnsClient.getInstance(JmdnsClient.java:36)
	at service.broker.JmdnsClient.<init>(JmdnsClient.java:22)
	at service.broker.JmdnsClient.getInstance(JmdnsClient.java:36)
	at service.broker.JmdnsClient.<init>(JmdnsClient.java:22)
	at service.broker.JmdnsClient.getInstance(JmdnsClient.java:36)
	at service.broker.JmdnsClient.<init>(JmdnsClient.java:22)
	at service.broker.JmdnsClient.getInstance(JmdnsClient.java:36)
	at service.broker.JmdnsClient.<init>(JmdnsClient.java:22)
	at service.broker.JmdnsClient.getInstance(JmdnsClient.java:36)
	at service.broker.JmdnsClient.<init>(JmdnsClient.java:22)
	at service.broker.JmdnsClient.getInstance(JmdnsClient.java:36)
	at service.broker.JmdnsClient.<init>(JmdnsClient.java:22)
	at service.broker.JmdnsClient.getInstance(JmdnsClient.java:36)
	at service.broker.JmdnsClient.<init>(JmdnsClient.java:22)
	at service.broker.JmdnsClient.getInstance(JmdnsClient.java:36)
	at service.broker.JmdnsClient.<init>(JmdnsClient.java:22)
	at service.broker.JmdnsClient.getInstance(JmdnsClient.java:36)
	at service.broker.JmdnsClient.<init>(JmdnsClient.java:22)
	at service.broker.JmdnsClient.getInstance(JmdnsClient.java:36)
	at service.broker.JmdnsClient.<init>(JmdnsClient.java:22)
	at service.broker.JmdnsClient.getInstance(JmdnsClient.java:36)
	at service.broker.JmdnsClient.<init>(JmdnsClient.java:22)
	at service.broker.JmdnsClient.getInstance(JmdnsClient.java:36)
	at service.broker.JmdnsClient.<init>(JmdnsClient.java:22)
	at service.broker.JmdnsClient.getInstance(JmdnsClient.java:36)
	at service.broker.JmdnsClient.<init>(JmdnsClient.java:22)
	at service.broker.JmdnsClient.getInstance(JmdnsClient.java:36)
	at service.broker.JmdnsClient.<init>(JmdnsClient.java:22)
	at service.broker.JmdnsClient.getInstance(JmdnsClient.java:36)
	at service.broker.JmdnsClient.<init>(JmdnsClient.java:22)
	at service.broker.JmdnsClient.getInstance(JmdnsClient.java:36)
	at service.broker.JmdnsClient.<init>(JmdnsClient.java:22)
	at service.broker.JmdnsClient.getInstance(JmdnsClient.java:36)
	at service.broker.JmdnsClient.<init>(JmdnsClient.java:22)
	at service.broker.JmdnsClient.getInstance(JmdnsClient.java:36)
	at service.broker.JmdnsClient.<init>(JmdnsClient.java:22)
	at service.broker.JmdnsClient.getInstance(JmdnsClient.java:36)
	at service.broker.JmdnsClient.<init>(JmdnsClient.java:22)
	at service.broker.JmdnsClient.getInstance(JmdnsClient.java:36)
	at service.broker.JmdnsClient.<init>(JmdnsClient.java:22)
	at service.broker.JmdnsClient.getInstance(JmdnsClient.java:36)
	at service.broker.JmdnsClient.<init>(JmdnsClient.java:22)
	at service.broker.JmdnsClient.getInstance(JmdnsClient.java:36)
	at service.broker.JmdnsClient.<init>(JmdnsClient.java:22)
	at service.broker.JmdnsClient.getInstance(JmdnsClient.java:36)
	at service.broker.JmdnsClient.<init>(JmdnsClient.java:22)
	at service.broker.JmdnsClient.getInstance(JmdnsClient.java:36)
	at service.broker.JmdnsClient.<init>(JmdnsClient.java:22)
	at service.broker.JmdnsClient.getInstance(JmdnsClient.java:36)
	at service.broker.JmdnsClient.<init>(JmdnsClient.java:22)
	at service.broker.JmdnsClient.getInstance(JmdnsClient.java:36)
	at service.broker.JmdnsClient.<init>(JmdnsClient.java:22)
	at service.broker.JmdnsClient.getInstance(JmdnsClient.java:36)
	at service.broker.JmdnsClient.<init>(JmdnsClient.java:22)
	at service.broker.JmdnsClient.getInstance(JmdnsClient.java:36)
	at service.broker.JmdnsClient.<init>(JmdnsClient.java:22)
	at service.broker.JmdnsClient.getInstance(JmdnsClient.java:36)
	at service.broker.JmdnsClient.<init>(JmdnsClient.java:22)
	at service.broker.JmdnsClient.getInstance(JmdnsClient.java:36)
	at service.broker.JmdnsClient.<init>(JmdnsClient.java:22)
	at service.broker.JmdnsClient.getInstance(JmdnsClient.java:36)
	at service.broker.JmdnsClient.<init>(JmdnsClient.java:22)
	at service.broker.JmdnsClient.getInstance(JmdnsClient.java:36)
	at service.broker.JmdnsClient.<init>(JmdnsClient.java:22)
	at service.broker.JmdnsClient.getInstance(JmdnsClient.java:36)
	at service.broker.JmdnsClient.<init>(JmdnsClient.java:22)
	at service.broker.JmdnsClient.getInstance(JmdnsClient.java:36)
	at service.broker.JmdnsClient.<init>(JmdnsClient.java:22)
	at service.broker.JmdnsClient.getInstance(JmdnsClient.java:36)
	at service.broker.JmdnsClient.<init>(JmdnsClient.java:22)
	at service.broker.JmdnsClient.getInstance(JmdnsClient.java:36)
	at service.broker.JmdnsClient.<init>(JmdnsClient.java:22)
	at service.broker.JmdnsClient.getInstance(JmdnsClient.java:36)
	at service.broker.JmdnsClient.<init>(JmdnsClient.java:22)
	at service.broker.JmdnsClient.getInstance(JmdnsClient.java:36)
	at service.broker.JmdnsClient.<init>(JmdnsClient.java:22)
	at service.broker.JmdnsClient.getInstance(JmdnsClient.java:36)
	at service.broker.JmdnsClient.<init>(JmdnsClient.java:22)
	at service.broker.JmdnsClient.getInstance(JmdnsClient.java:36)
	at service.broker.JmdnsClient.<init>(JmdnsClient.java:22)
	at service.broker.JmdnsClient.getInstance(JmdnsClient.java:36)
	at service.broker.JmdnsClient.<init>(JmdnsClient.java:22)
	at service.broker.JmdnsClient.getInstance(JmdnsClient.java:36)
	at service.broker.JmdnsClient.<init>(JmdnsClient.java:22)
	at service.broker.JmdnsClient.getInstance(JmdnsClient.java:36)
	at service.broker.JmdnsClient.<init>(JmdnsClient.java:22)
	at service.broker.JmdnsClient.getInstance(JmdnsClient.java:36)
	at service.broker.JmdnsClient.<init>(JmdnsClient.java:22)
	at service.broker.JmdnsClient.getInstance(JmdnsClient.java:36)
	at service.broker.JmdnsClient.<init>(JmdnsClient.java:22)
	at service.broker.JmdnsClient.getInstance(JmdnsClient.java:36)
	at service.broker.JmdnsClient.<init>(JmdnsClient.java:22)
	at service.broker.JmdnsClient.getInstance(JmdnsClient.java:36)
	at service.broker.JmdnsClient.<init>(JmdnsClient.java:22)
	at service.broker.JmdnsClient.getInstance(JmdnsClient.java:36)
	at service.broker.JmdnsClient.<init>(JmdnsClient.java:22)
	at service.broker.JmdnsClient.getInstance(JmdnsClient.java:36)
	at service.broker.JmdnsClient.<init>(JmdnsClient.java:22)
	at service.broker.JmdnsClient.getInstance(JmdnsClient.java:36)
	at service.broker.JmdnsClient.<init>(JmdnsClient.java:22)
	at service.broker.JmdnsClient.getInstance(JmdnsClient.java:36)
	at service.broker.JmdnsClient.<init>(JmdnsClient.java:22)
	at service.broker.JmdnsClient.getInstance(JmdnsClient.java:36)
	at service.broker.JmdnsClient.<init>(JmdnsClient.java:22)
	at service.broker.JmdnsClient.getInstance(JmdnsClient.java:36)
	at service.broker.JmdnsClient.<init>(JmdnsClient.java:22)
	at service.broker.JmdnsClient.getInstance(JmdnsClient.java:36)
	at service.broker.JmdnsClient.<init>(JmdnsClient.java:22)
	at service.broker.JmdnsClient.getInstance(JmdnsClient.java:36)
	at service.broker.JmdnsClient.<init>(JmdnsClient.java:22)
	at service.broker.JmdnsClient.getInstance(JmdnsClient.java:36)
	at service.broker.JmdnsClient.<init>(JmdnsClient.java:22)
	at service.broker.JmdnsClient.getInstance(JmdnsClient.java:36)
	at service.broker.JmdnsClient.<init>(JmdnsClient.java:22)
	at service.broker.JmdnsClient.getInstance(JmdnsClient.java:36)
	at service.broker.JmdnsClient.<init>(JmdnsClient.java:22)
	at service.broker.JmdnsClient.getInstance(JmdnsClient.java:36)
	at service.broker.JmdnsClient.<init>(JmdnsClient.java:22)
	at service.broker.JmdnsClient.getInstance(JmdnsClient.java:36)
	at service.broker.JmdnsClient.<init>(JmdnsClient.java:22)
	at service.broker.JmdnsClient.getInstance(JmdnsClient.java:36)
	at service.broker.JmdnsClient.<init>(JmdnsClient.java:22)
	at service.broker.JmdnsClient.getInstance(JmdnsClient.java:36)
	at service.broker.JmdnsClient.<init>(JmdnsClient.java:22)
	at service.broker.JmdnsClient.getInstance(JmdnsClient.java:36)
	at service.broker.JmdnsClient.<init>(JmdnsClient.java:22)
	at service.broker.JmdnsClient.getInstance(JmdnsClient.java:36)
	at service.broker.JmdnsClient.<init>(JmdnsClient.java:22)
	at service.broker.JmdnsClient.getInstance(JmdnsClient.java:36)
	at service.broker.JmdnsClient.<init>(JmdnsClient.java:22)
	at service.broker.JmdnsClient.getInstance(JmdnsClient.java:36)
	at service.broker.JmdnsClient.<init>(JmdnsClient.java:22)
	at service.broker.JmdnsClient.getInstance(JmdnsClient.java:36)
	at service.broker.JmdnsClient.<init>(JmdnsClient.java:22)
	at service.broker.JmdnsClient.getInstance(JmdnsClient.java:36)
	at service.broker.JmdnsClient.<init>(JmdnsClient.java:22)
	at service.broker.JmdnsClient.getInstance(JmdnsClient.java:36)
	at service.broker.JmdnsClient.<init>(JmdnsClient.java:22)
	at service.broker.JmdnsClient.getInstance(JmdnsClient.java:36)
	at service.broker.JmdnsClient.<init>(JmdnsClient.java:22)
	at service.broker.JmdnsClient.getInstance(JmdnsClient.java:36)
	at service.broker.JmdnsClient.<init>(JmdnsClient.java:22)
	at service.broker.JmdnsClient.getInstance(JmdnsClient.java:36)
	at service.broker.JmdnsClient.<init>(JmdnsClient.java:22)
	at service.broker.JmdnsClient.getInstance(JmdnsClient.java:36)
	at service.broker.JmdnsClient.<init>(JmdnsClient.java:22)
	at service.broker.JmdnsClient.getInstance(JmdnsClient.java:36)
	at service.broker.JmdnsClient.<init>(JmdnsClient.java:22)
	at service.broker.JmdnsClient.getInstance(JmdnsClient.java:36)
	at service.broker.JmdnsClient.<init>(JmdnsClient.java:22)
	at service.broker.JmdnsClient.getInstance(JmdnsClient.java:36)
	at service.broker.JmdnsClient.<init>(JmdnsClient.java:22)
	at service.broker.JmdnsClient.getInstance(JmdnsClient.java:36)
	at service.broker.JmdnsClient.<init>(JmdnsClient.java:22)
	at service.broker.JmdnsClient.getInstance(JmdnsClient.java:36)
	at service.broker.JmdnsClient.<init>(JmdnsClient.java:22)
	at service.broker.JmdnsClient.getInstance(JmdnsClient.java:36)
	at service.broker.JmdnsClient.<init>(JmdnsClient.java:22)
	at service.broker.JmdnsClient.getInstance(JmdnsClient.java:36)
	at service.broker.JmdnsClient.<init>(JmdnsClient.java:22)
	at service.broker.JmdnsClient.getInstance(JmdnsClient.java:36)
	at service.broker.JmdnsClient.<init>(JmdnsClient.java:22)
	at service.broker.JmdnsClient.getInstance(JmdnsClient.java:36)
	at service.broker.JmdnsClient.<init>(JmdnsClient.java:22)
	at service.broker.JmdnsClient.getInstance(JmdnsClient.java:36)
	at service.broker.JmdnsClient.<init>(JmdnsClient.java:22)
	at service.broker.JmdnsClient.getInstance(JmdnsClient.java:36)
	at service.broker.JmdnsClient.<init>(JmdnsClient.java:22)
	at service.broker.JmdnsClient.getInstance(JmdnsClient.java:36)
	at service.broker.JmdnsClient.<init>(JmdnsClient.java:22)
	at service.broker.JmdnsClient.getInstance(JmdnsClient.java:36)
	at service.broker.JmdnsClient.<init>(JmdnsClient.java:22)
	at service.broker.JmdnsClient.getInstance(JmdnsClient.java:36)
	at service.broker.JmdnsClient.<init>(JmdnsClient.java:22)
	at service.broker.JmdnsClient.getInstance(JmdnsClient.java:36)
	at service.broker.JmdnsClient.<init>(JmdnsClient.java:22)
	at service.broker.JmdnsClient.getInstance(JmdnsClient.java:36)
	at service.broker.JmdnsClient.<init>(JmdnsClient.java:22)
	at service.broker.JmdnsClient.getInstance(JmdnsClient.java:36)
	at service.broker.JmdnsClient.<init>(JmdnsClient.java:22)
	at service.broker.JmdnsClient.getInstance(JmdnsClient.java:36)
	at service.broker.JmdnsClient.<init>(JmdnsClient.java:22)
	at service.broker.JmdnsClient.getInstance(JmdnsClient.java:36)
	at service.broker.JmdnsClient.<init>(JmdnsClient.java:22)
	at service.broker.JmdnsClient.getInstance(JmdnsClient.java:36)
	at service.broker.JmdnsClient.<init>(JmdnsClient.java:22)
	at service.broker.JmdnsClient.getInstance(JmdnsClient.java:36)
	at service.broker.JmdnsClient.<init>(JmdnsClient.java:22)
	at service.broker.JmdnsClient.getInstance(JmdnsClient.java:36)
	at service.broker.JmdnsClient.<init>(JmdnsClient.java:22)
	at service.broker.JmdnsClient.getInstance(JmdnsClient.java:36)
	at service.broker.JmdnsClient.<init>(JmdnsClient.java:22)
	at service.broker.JmdnsClient.getInstance(JmdnsClient.java:36)
	at service.broker.JmdnsClient.<init>(JmdnsClient.java:22)
	at service.broker.JmdnsClient.getInstance(JmdnsClient.java:36)
	at service.broker.JmdnsClient.<init>(JmdnsClient.java:22)
	at service.broker.JmdnsClient.getInstance(JmdnsClient.java:36)
	at service.broker.JmdnsClient.<init>(JmdnsClient.java:22)
	at service.broker.JmdnsClient.getInstance(JmdnsClient.java:36)
	at service.broker.JmdnsClient.<init>(JmdnsClient.java:22)
	at service.broker.JmdnsClient.getInstance(JmdnsClient.java:36)
	at service.broker.JmdnsClient.<init>(JmdnsClient.java:22)
	at service.broker.JmdnsClient.getInstance(JmdnsClient.java:36)
	at service.broker.JmdnsClient.<init>(JmdnsClient.java:22)
	at service.broker.JmdnsClient.getInstance(JmdnsClient.java:36)
	at service.broker.JmdnsClient.<init>(JmdnsClient.java:22)
	at service.broker.JmdnsClient.getInstance(JmdnsClient.java:36)
	at service.broker.JmdnsClient.<init>(JmdnsClient.java:22)
	at service.broker.JmdnsClient.getInstance(JmdnsClient.java:36)
	at service.broker.JmdnsClient.<init>(JmdnsClient.java:22)
	at service.broker.JmdnsClient.getInstance(JmdnsClient.java:36)
	at service.broker.JmdnsClient.<init>(JmdnsClient.java:22)
	at service.broker.JmdnsClient.getInstance(JmdnsClient.java:36)
	at service.broker.JmdnsClient.<init>(JmdnsClient.java:22)
	at service.broker.JmdnsClient.getInstance(JmdnsClient.java:36)
	at service.broker.JmdnsClient.<init>(JmdnsClient.java:22)
	at service.broker.JmdnsClient.getInstance(JmdnsClient.java:36)
	at service.broker.JmdnsClient.<init>(JmdnsClient.java:22)
	at service.broker.JmdnsClient.getInstance(JmdnsClient.java:36)
	at service.broker.JmdnsClient.<init>(JmdnsClient.java:22)
	at service.broker.JmdnsClient.getInstance(JmdnsClient.java:36)
	at service.broker.JmdnsClient.<init>(JmdnsClient.java:22)
	at service.broker.JmdnsClient.getInstance(JmdnsClient.java:36)
	at service.broker.JmdnsClient.<init>(JmdnsClient.java:22)
	at service.broker.JmdnsClient.getInstance(JmdnsClient.java:36)
	at service.broker.JmdnsClient.<init>(JmdnsClient.java:22)
	at service.broker.JmdnsClient.getInstance(JmdnsClient.java:36)
	at service.broker.JmdnsClient.<init>(JmdnsClient.java:22)
	at service.broker.JmdnsClient.getInstance(JmdnsClient.java:36)
	at service.broker.JmdnsClient.<init>(JmdnsClient.java:22)
	at service.broker.JmdnsClient.getInstance(JmdnsClient.java:36)
	at service.broker.JmdnsClient.<init>(JmdnsClient.java:22)
	at service.broker.JmdnsClient.getInstance(JmdnsClient.java:36)
	at service.broker.JmdnsClient.<init>(JmdnsClient.java:22)
	at service.broker.JmdnsClient.getInstance(JmdnsClient.java:36)
	at service.broker.JmdnsClient.<init>(JmdnsClient.java:22)
	at service.broker.JmdnsClient.getInstance(JmdnsClient.java:36)
	at service.broker.JmdnsClient.<init>(JmdnsClient.java:22)
	at service.broker.JmdnsClient.getInstance(JmdnsClient.java:36)
	at service.broker.JmdnsClient.<init>(JmdnsClient.java:22)
	at service.broker.JmdnsClient.getInstance(JmdnsClient.java:36)
	at service.broker.JmdnsClient.<init>(JmdnsClient.java:22)
	at service.broker.JmdnsClient.getInstance(JmdnsClient.java:36)
	at service.broker.JmdnsClient.<init>(JmdnsClient.java:22)
	at service.broker.JmdnsClient.getInstance(JmdnsClient.java:36)
	at service.broker.JmdnsClient.<init>(JmdnsClient.java:22)
	at service.broker.JmdnsClient.getInstance(JmdnsClient.java:36)
	at service.broker.JmdnsClient.<init>(JmdnsClient.java:22)
	at service.broker.JmdnsClient.getInstance(JmdnsClient.java:36)
	at service.broker.JmdnsClient.<init>(JmdnsClient.java:22)
	at service.broker.JmdnsClient.getInstance(JmdnsClient.java:36)
	at service.broker.JmdnsClient.<init>(JmdnsClient.java:22)
	at service.broker.JmdnsClient.getInstance(JmdnsClient.java:36)
	at service.broker.JmdnsClient.<init>(JmdnsClient.java:22)
	at service.broker.JmdnsClient.getInstance(JmdnsClient.java:36)
	at service.broker.JmdnsClient.<init>(JmdnsClient.java:22)
	at service.broker.JmdnsClient.getInstance(JmdnsClient.java:36)
	at service.broker.JmdnsClient.<init>(JmdnsClient.java:22)
	at service.broker.JmdnsClient.getInstance(JmdnsClient.java:36)
	at service.broker.JmdnsClient.<init>(JmdnsClient.java:22)
	at service.broker.JmdnsClient.getInstance(JmdnsClient.java:36)
	at service.broker.JmdnsClient.<init>(JmdnsClient.java:22)
	at service.broker.JmdnsClient.getInstance(JmdnsClient.java:36)
	at service.broker.JmdnsClient.<init>(JmdnsClient.java:22)
	at service.broker.JmdnsClient.getInstance(JmdnsClient.java:36)
	at service.broker.JmdnsClient.<init>(JmdnsClient.java:22)
	at service.broker.JmdnsClient.getInstance(JmdnsClient.java:36)
	at service.broker.JmdnsClient.<init>(JmdnsClient.java:22)
	at service.broker.JmdnsClient.getInstance(JmdnsClient.java:36)
	at service.broker.JmdnsClient.<init>(JmdnsClient.java:22)
	at service.broker.JmdnsClient.getInstance(JmdnsClient.java:36)
	at service.broker.JmdnsClient.<init>(JmdnsClient.java:22)
	at service.broker.JmdnsClient.getInstance(JmdnsClient.java:36)
	at service.broker.JmdnsClient.<init>(JmdnsClient.java:22)
	at service.broker.JmdnsClient.getInstance(JmdnsClient.java:36)
	at service.broker.JmdnsClient.<init>(JmdnsClient.java:22)
	at service.broker.JmdnsClient.getInstance(JmdnsClient.java:36)
	at service.broker.JmdnsClient.<init>(JmdnsClient.java:22)
	at service.broker.JmdnsClient.getInstance(JmdnsClient.java:36)
	at service.broker.JmdnsClient.<init>(JmdnsClient.java:22)
	at service.broker.JmdnsClient.getInstance(JmdnsClient.java:36)
	at service.broker.JmdnsClient.<init>(JmdnsClient.java:22)
	at service.broker.JmdnsClient.getInstance(JmdnsClient.java:36)
	at service.broker.JmdnsClient.<init>(JmdnsClient.java:22)
	at service.broker.JmdnsClient.getInstance(JmdnsClient.java:36)
	at service.broker.JmdnsClient.<init>(JmdnsClient.java:22)
	at service.broker.JmdnsClient.getInstance(JmdnsClient.java:36)
	at service.broker.JmdnsClient.<init>(JmdnsClient.java:22)
	at service.broker.JmdnsClient.getInstance(JmdnsClient.java:36)
	at service.broker.JmdnsClient.<init>(JmdnsClient.java:22)
	at service.broker.JmdnsClient.getInstance(JmdnsClient.java:36)
	at service.broker.JmdnsClient.<init>(JmdnsClient.java:22)
	at service.broker.JmdnsClient.getInstance(JmdnsClient.java:36)
	at service.broker.JmdnsClient.<init>(JmdnsClient.java:22)
	at service.broker.JmdnsClient.getInstance(JmdnsClient.java:36)
	at service.broker.JmdnsClient.<init>(JmdnsClient.java:22)
	at service.broker.JmdnsClient.getInstance(JmdnsClient.java:36)
	at service.broker.JmdnsClient.<init>(JmdnsClient.java:22)
	at service.broker.JmdnsClient.getInstance(JmdnsClient.java:36)
	at service.broker.JmdnsClient.<init>(JmdnsClient.java:22)
	at service.broker.JmdnsClient.getInstance(JmdnsClient.java:36)
	at service.broker.JmdnsClient.<init>(JmdnsClient.java:22)
	at service.broker.JmdnsClient.getInstance(JmdnsClient.java:36)
	at service.broker.JmdnsClient.<init>(JmdnsClient.java:22)
	at service.broker.JmdnsClient.getInstance(JmdnsClient.java:36)
	at service.broker.JmdnsClient.<init>(JmdnsClient.java:22)
	at service.broker.JmdnsClient.getInstance(JmdnsClient.java:36)
	at service.broker.JmdnsClient.<init>(JmdnsClient.java:22)
	at service.broker.JmdnsClient.getInstance(JmdnsClient.java:36)
	at service.broker.JmdnsClient.<init>(JmdnsClient.java:22)
	at service.broker.JmdnsClient.getInstance(JmdnsClient.java:36)
	at service.broker.JmdnsClient.<init>(JmdnsClient.java:22)
	at service.broker.JmdnsClient.getInstance(JmdnsClient.java:36)
	at service.broker.JmdnsClient.<init>(JmdnsClient.java:22)
	at service.broker.JmdnsClient.getInstance(JmdnsClient.java:36)
	at service.broker.JmdnsClient.<init>(JmdnsClient.java:22)
	at service.broker.JmdnsClient.getInstance(JmdnsClient.java:36)
	at service.broker.JmdnsClient.<init>(JmdnsClient.java:22)
	at service.broker.JmdnsClient.getInstance(JmdnsClient.java:36)
	at service.broker.JmdnsClient.<init>(JmdnsClient.java:22)
	at service.broker.JmdnsClient.getInstance(JmdnsClient.java:36)
	at service.broker.JmdnsClient.<init>(JmdnsClient.java:22)
	at service.broker.JmdnsClient.getInstance(JmdnsClient.java:36)
	at service.broker.JmdnsClient.<init>(JmdnsClient.java:22)
	at service.broker.JmdnsClient.getInstance(JmdnsClient.java:36)
	at service.broker.JmdnsClient.<init>(JmdnsClient.java:22)
	at service.broker.JmdnsClient.getInstance(JmdnsClient.java:36)
	at service.broker.JmdnsClient.<init>(JmdnsClient.java:22)
	at service.broker.JmdnsClient.getInstance(JmdnsClient.java:36)
	at service.broker.JmdnsClient.<init>(JmdnsClient.java:22)
	at service.broker.JmdnsClient.getInstance(JmdnsClient.java:36)
	at service.broker.JmdnsClient.<init>(JmdnsClient.java:22)
	at service.broker.JmdnsClient.getInstance(JmdnsClient.java:36)
	at service.broker.JmdnsClient.<init>(JmdnsClient.java:22)
	at service.broker.JmdnsClient.getInstance(JmdnsClient.java:36)
	at service.broker.JmdnsClient.<init>(JmdnsClient.java:22)
	at service.broker.JmdnsClient.getInstance(JmdnsClient.java:36)
	at service.broker.JmdnsClient.<init>(JmdnsClient.java:22)
	at service.broker.JmdnsClient.getInstance(JmdnsClient.java:36)
	at service.broker.JmdnsClient.<init>(JmdnsClient.java:22)
	at service.broker.JmdnsClient.getInstance(JmdnsClient.java:36)
	at service.broker.JmdnsClient.<init>(JmdnsClient.java:22)
	at service.broker.JmdnsClient.getInstance(JmdnsClient.java:36)
	at service.broker.JmdnsClient.<init>(JmdnsClient.java:22)
	at service.broker.JmdnsClient.getInstance(JmdnsClient.java:36)
	at service.broker.JmdnsClient.<init>(JmdnsClient.java:22)
	at service.broker.JmdnsClient.getInstance(JmdnsClient.java:36)
	at service.broker.JmdnsClient.<init>(JmdnsClient.java:22)
	at service.broker.JmdnsClient.getInstance(JmdnsClient.java:36)
	at service.broker.JmdnsClient.<init>(JmdnsClient.java:22)
	at service.broker.JmdnsClient.getInstance(JmdnsClient.java:36)
	at service.broker.JmdnsClient.<init>(JmdnsClient.java:22)
	at service.broker.JmdnsClient.getInstance(JmdnsClient.java:36)
	at service.broker.JmdnsClient.<init>(JmdnsClient.java:22)
	at service.broker.JmdnsClient.getInstance(JmdnsClient.java:36)
	at service.broker.JmdnsClient.<init>(JmdnsClient.java:22)
	at service.broker.JmdnsClient.getInstance(JmdnsClient.java:36)
	at service.broker.JmdnsClient.<init>(JmdnsClient.java:22)
	at service.broker.JmdnsClient.getInstance(JmdnsClient.java:36)
	at service.broker.JmdnsClient.<init>(JmdnsClient.java:22)
	at service.broker.JmdnsClient.getInstance(JmdnsClient.java:36)
	at service.broker.JmdnsClient.<init>(JmdnsClient.java:22)
	at service.broker.JmdnsClient.getInstance(JmdnsClient.java:36)
	at service.broker.JmdnsClient.<init>(JmdnsClient.java:22)
	at service.broker.JmdnsClient.getInstance(JmdnsClient.java:36)
	at service.broker.JmdnsClient.<init>(JmdnsClient.java:22)
	at service.broker.JmdnsClient.getInstance(JmdnsClient.java:36)
	at service.broker.JmdnsClient.<init>(JmdnsClient.java:22)
	at service.broker.JmdnsClient.getInstance(JmdnsClient.java:36)
	at service.broker.JmdnsClient.<init>(JmdnsClient.java:22)
	at service.broker.JmdnsClient.getInstance(JmdnsClient.java:36)
	at service.broker.JmdnsClient.<init>(JmdnsClient.java:22)
	at service.broker.JmdnsClient.getInstance(JmdnsClient.java:36)
	at service.broker.JmdnsClient.<init>(JmdnsClient.java:22)
	at service.broker.JmdnsClient.getInstance(JmdnsClient.java:36)
	at service.broker.JmdnsClient.<init>(JmdnsClient.java:22)
	at service.broker.JmdnsClient.getInstance(JmdnsClient.java:36)
	at service.broker.JmdnsClient.<init>(JmdnsClient.java:22)
	at service.broker.JmdnsClient.getInstance(JmdnsClient.java:36)
	at service.broker.JmdnsClient.<init>(JmdnsClient.java:22)
	at service.broker.JmdnsClient.getInstance(JmdnsClient.java:36)
	at service.broker.JmdnsClient.<init>(JmdnsClient.java:22)
	at service.broker.JmdnsClient.getInstance(JmdnsClient.java:36)
	at service.broker.JmdnsClient.<init>(JmdnsClient.java:22)
	at service.broker.JmdnsClient.getInstance(JmdnsClient.java:36)
	at service.broker.JmdnsClient.<init>(JmdnsClient.java:22)
	at service.broker.JmdnsClient.getInstance(JmdnsClient.java:36)
	at service.broker.JmdnsClient.<init>(JmdnsClient.java:22)
	at service.broker.JmdnsClient.getInstance(JmdnsClient.java:36)
	at service.broker.JmdnsClient.<init>(JmdnsClient.java:22)
	at service.broker.JmdnsClient.getInstance(JmdnsClient.java:36)
	at service.broker.JmdnsClient.<init>(JmdnsClient.java:22)
	at service.broker.JmdnsClient.getInstance(JmdnsClient.java:36)
	at service.broker.JmdnsClient.<init>(JmdnsClient.java:22)
	at service.broker.JmdnsClient.getInstance(JmdnsClient.java:36)
	at service.broker.JmdnsClient.<init>(JmdnsClient.java:22)
	at service.broker.JmdnsClient.getInstance(JmdnsClient.java:36)
	at service.broker.JmdnsClient.<init>(JmdnsClient.java:22)
	at service.broker.JmdnsClient.getInstance(JmdnsClient.java:36)
	at service.broker.JmdnsClient.<init>(JmdnsClient.java:22)
	at service.broker.JmdnsClient.getInstance(JmdnsClient.java:36)
	at service.broker.JmdnsClient.<init>(JmdnsClient.java:22)
	at service.broker.JmdnsClient.getInstance(JmdnsClient.java:36)
	at service.broker.JmdnsClient.<init>(JmdnsClient.java:22)
	at service.broker.JmdnsClient.getInstance(JmdnsClient.java:36)
	at service.broker.JmdnsClient.<init>(JmdnsClient.java:22)
	at service.broker.JmdnsClient.getInstance(JmdnsClient.java:36)
	at service.broker.JmdnsClient.<init>(JmdnsClient.java:22)
	at service.broker.JmdnsClient.getInstance(JmdnsClient.java:36)
	at service.broker.JmdnsClient.<init>(JmdnsClient.java:22)
	at service.broker.JmdnsClient.getInstance(JmdnsClient.java:36)
	at service.broker.JmdnsClient.<init>(JmdnsClient.java:22)
	at service.broker.JmdnsClient.getInstance(JmdnsClient.java:36)
	at service.broker.JmdnsClient.<init>(JmdnsClient.java:22)
	at service.broker.JmdnsClient.getInstance(JmdnsClient.java:36)
	at service.broker.JmdnsClient.<init>(JmdnsClient.java:22)
	at service.broker.JmdnsClient.getInstance(JmdnsClient.java:36)
	at service.broker.JmdnsClient.<init>(JmdnsClient.java:22)
	at service.broker.JmdnsClient.getInstance(JmdnsClient.java:36)
	at service.broker.JmdnsClient.<init>(JmdnsClient.java:22)
	at service.broker.JmdnsClient.getInstance(JmdnsClient.java:36)
	at service.broker.JmdnsClient.<init>(JmdnsClient.java:22)
	at service.broker.JmdnsClient.getInstance(JmdnsClient.java:36)
	at service.broker.JmdnsClient.<init>(JmdnsClient.java:22)
	at service.broker.JmdnsClient.getInstance(JmdnsClient.java:36)
	at service.broker.JmdnsClient.<init>(JmdnsClient.java:22)
	at service.broker.JmdnsClient.getInstance(JmdnsClient.java:36)
	at service.broker.JmdnsClient.<init>(JmdnsClient.java:22)
	at service.broker.JmdnsClient.getInstance(JmdnsClient.java:36)
	at service.broker.JmdnsClient.<init>(JmdnsClient.java:22)
	at service.broker.JmdnsClient.getInstance(JmdnsClient.java:36)
	at service.broker.JmdnsClient.<init>(JmdnsClient.java:22)
	at service.broker.JmdnsClient.getInstance(JmdnsClient.java:36)
	at service.broker.JmdnsClient.<init>(JmdnsClient.java:22)
	at service.broker.JmdnsClient.getInstance(JmdnsClient.java:36)
	at service.broker.JmdnsClient.<init>(JmdnsClient.java:22)
	at service.broker.JmdnsClient.getInstance(JmdnsClient.java:36)
	at service.broker.JmdnsClient.<init>(JmdnsClient.java:22)
	at service.broker.JmdnsClient.getInstance(JmdnsClient.java:36)
	at service.broker.JmdnsClient.<init>(JmdnsClient.java:22)
	at service.broker.JmdnsClient.getInstance(JmdnsClient.java:36)
	at service.broker.JmdnsClient.<init>(JmdnsClient.java:22)
	at service.broker.JmdnsClient.getInstance(JmdnsClient.java:36)
	at service.broker.JmdnsClient.<init>(JmdnsClient.java:22)
	at service.broker.JmdnsClient.getInstance(JmdnsClient.java:36)
	at service.broker.JmdnsClient.<init>(JmdnsClient.java:22)
	at service.broker.JmdnsClient.getInstance(JmdnsClient.java:36)
	at service.broker.JmdnsClient.<init>(JmdnsClient.java:22)
	at service.broker.JmdnsClient.getInstance(JmdnsClient.java:36)
	at service.broker.JmdnsClient.<init>(JmdnsClient.java:22)
	at service.broker.JmdnsClient.getInstance(JmdnsClient.java:36)
	at service.broker.JmdnsClient.<init>(JmdnsClient.java:22)
	at service.broker.JmdnsClient.getInstance(JmdnsClient.java:36)
	at service.broker.JmdnsClient.<init>(JmdnsClient.java:22)
	at service.broker.JmdnsClient.getInstance(JmdnsClient.java:36)
	at service.broker.JmdnsClient.<init>(JmdnsClient.java:22)
	at service.broker.JmdnsClient.getInstance(JmdnsClient.java:36)
	at service.broker.JmdnsClient.<init>(JmdnsClient.java:22)
	at service.broker.JmdnsClient.getInstance(JmdnsClient.java:36)
	at service.broker.JmdnsClient.<init>(JmdnsClient.java:22)
	at service.broker.JmdnsClient.getInstance(JmdnsClient.java:36)
	at service.broker.JmdnsClient.<init>(JmdnsClient.java:22)
	at service.broker.JmdnsClient.getInstance(JmdnsClient.java:36)
	at service.broker.JmdnsClient.<init>(JmdnsClient.java:22)
	at service.broker.JmdnsClient.getInstance(JmdnsClient.java:36)
	at service.broker.JmdnsClient.<init>(JmdnsClient.java:22)
	at service.broker.JmdnsClient.getInstance(JmdnsClient.java:36)
	at service.broker.JmdnsClient.<init>(JmdnsClient.java:22)
	at service.broker.JmdnsClient.getInstance(JmdnsClient.java:36)
	at service.broker.JmdnsClient.<init>(JmdnsClient.java:22)
	at service.broker.JmdnsClient.getInstance(JmdnsClient.java:36)
	at service.broker.JmdnsClient.<init>(JmdnsClient.java:22)
	at service.broker.JmdnsClient.getInstance(JmdnsClient.java:36)
	at service.broker.JmdnsClient.<init>(JmdnsClient.java:22)
	at service.broker.JmdnsClient.getInstance(JmdnsClient.java:36)
	at service.broker.JmdnsClient.<init>(JmdnsClient.java:22)
	at service.broker.JmdnsClient.getInstance(JmdnsClient.java:36)
	at service.broker.JmdnsClient.<init>(JmdnsClient.java:22)
	at service.broker.JmdnsClient.getInstance(JmdnsClient.java:36)
	at service.broker.JmdnsClient.<init>(JmdnsClient.java:22)
	at service.broker.JmdnsClient.getInstance(JmdnsClient.java:36)
	at service.broker.JmdnsClient.<init>(JmdnsClient.java:22)
	at service.broker.JmdnsClient.getInstance(JmdnsClient.java:36)
	at service.broker.JmdnsClient.<init>(JmdnsClient.java:22)
	at service.broker.JmdnsClient.getInstance(JmdnsClient.java:36)
	at service.broker.JmdnsClient.<init>(JmdnsClient.java:22)
	at service.broker.JmdnsClient.getInstance(JmdnsClient.java:36)
	at service.broker.JmdnsClient.<init>(JmdnsClient.java:22)
	at service.broker.JmdnsClient.getInstance(JmdnsClient.java:36)
	at service.broker.JmdnsClient.<init>(JmdnsClient.java:22)
	at service.broker.JmdnsClient.getInstance(JmdnsClient.java:36)
	at service.broker.JmdnsClient.<init>(JmdnsClient.java:22)
	at service.broker.JmdnsClient.getInstance(JmdnsClient.java:36)
	at service.broker.JmdnsClient.<init>(JmdnsClient.java:22)
	at service.broker.JmdnsClient.getInstance(JmdnsClient.java:36)
	at service.broker.JmdnsClient.<init>(JmdnsClient.java:22)
	at service.broker.JmdnsClient.getInstance(JmdnsClient.java:36)
	at service.broker.JmdnsClient.<init>(JmdnsClient.java:22)
	at service.broker.JmdnsClient.getInstance(JmdnsClient.java:36)
	at service.broker.JmdnsClient.<init>(JmdnsClient.java:22)
	at service.broker.JmdnsClient.getInstance(JmdnsClient.java:36)
	at service.broker.JmdnsClient.<init>(JmdnsClient.java:22)
	at service.broker.JmdnsClient.getInstance(JmdnsClient.java:36)
	at service.broker.JmdnsClient.<init>(JmdnsClient.java:22)
	at service.broker.JmdnsClient.getInstance(JmdnsClient.java:36)
	at service.broker.JmdnsClient.<init>(JmdnsClient.java:22)
	at service.broker.JmdnsClient.getInstance(JmdnsClient.java:36)
	at service.broker.JmdnsClient.<init>(JmdnsClient.java:22)
	at service.broker.JmdnsClient.getInstance(JmdnsClient.java:36)
	at service.broker.JmdnsClient.<init>(JmdnsClient.java:22)
	at service.broker.JmdnsClient.getInstance(JmdnsClient.java:36)
	at service.broker.JmdnsClient.<init>(JmdnsClient.java:22)
	at service.broker.JmdnsClient.getInstance(JmdnsClient.java:36)
	at service.broker.JmdnsClient.<init>(JmdnsClient.java:22)
	at service.broker.JmdnsClient.getInstance(JmdnsClient.java:36)
	at service.broker.JmdnsClient.<init>(JmdnsClient.java:22)
	at service.broker.JmdnsClient.getInstance(JmdnsClient.java:36)
	at service.broker.JmdnsClient.<init>(JmdnsClient.java:22)
	at service.broker.JmdnsClient.getInstance(JmdnsClient.java:36)
	at service.broker.JmdnsClient.<init>(JmdnsClient.java:22)
	at service.broker.JmdnsClient.getInstance(JmdnsClient.java:36)
	at service.broker.JmdnsClient.<init>(JmdnsClient.java:22)
	at service.broker.JmdnsClient.getInstance(JmdnsClient.java:36)
	at service.broker.JmdnsClient.<init>(JmdnsClient.java:22)
	at service.broker.JmdnsClient.getInstance(JmdnsClient.java:36)
	at service.broker.JmdnsClient.<init>(JmdnsClient.java:22)
	at service.broker.JmdnsClient.getInstance(JmdnsClient.java:36)
	at service.broker.JmdnsClient.<init>(JmdnsClient.java:22)
	at service.broker.JmdnsClient.getInstance(JmdnsClient.java:36)
	at service.broker.JmdnsClient.<init>(JmdnsClient.java:22)
	at service.broker.JmdnsClient.getInstance(JmdnsClient.java:36)
	at service.broker.JmdnsClient.<init>(JmdnsClient.java:22)
	at service.broker.JmdnsClient.getInstance(JmdnsClient.java:36)
	at service.broker.JmdnsClient.<init>(JmdnsClient.java:22)
	at service.broker.JmdnsClient.getInstance(JmdnsClient.java:36)
	at service.broker.JmdnsClient.<init>(JmdnsClient.java:22)
	at service.broker.JmdnsClient.getInstance(JmdnsClient.java:36)
	at service.broker.JmdnsClient.<init>(JmdnsClient.java:22)
	at service.broker.JmdnsClient.getInstance(JmdnsClient.java:36)
	at service.broker.JmdnsClient.<init>(JmdnsClient.java:22)
	at service.broker.JmdnsClient.getInstance(JmdnsClient.java:36)
	at service.broker.JmdnsClient.<init>(JmdnsClient.java:22)
	at service.broker.JmdnsClient.getInstance(JmdnsClient.java:36)
	at service.broker.JmdnsClient.<init>(JmdnsClient.java:22)
	at service.broker.JmdnsClient.getInstance(JmdnsClient.java:36)
	at service.broker.JmdnsClient.<init>(JmdnsClient.java:22)
	at service.broker.JmdnsClient.getInstance(JmdnsClient.java:36)
	at service.broker.JmdnsClient.<init>(JmdnsClient.java:22)
	at service.broker.JmdnsClient.getInstance(JmdnsClient.java:36)
	at service.broker.JmdnsClient.<init>(JmdnsClient.java:22)
	at service.broker.JmdnsClient.getInstance(JmdnsClient.java:36)
	at service.broker.JmdnsClient.<init>(JmdnsClient.java:22)
	at service.broker.JmdnsClient.getInstance(JmdnsClient.java:36)
	at service.broker.JmdnsClient.<init>(JmdnsClient.java:22)
	at service.broker.JmdnsClient.getInstance(JmdnsClient.java:36)
	at service.broker.JmdnsClient.<init>(JmdnsClient.java:22)
	at service.broker.JmdnsClient.getInstance(JmdnsClient.java:36)
	at service.broker.JmdnsClient.<init>(JmdnsClient.java:22)
	at service.broker.JmdnsClient.getInstance(JmdnsClient.java:36)
	at service.broker.JmdnsClient.<init>(JmdnsClient.java:22)
	at service.broker.JmdnsClient.getInstance(JmdnsClient.java:36)
	at service.broker.JmdnsClient.<init>(JmdnsClient.java:22)
	at service.broker.JmdnsClient.getInstance(JmdnsClient.java:36)
	at service.broker.JmdnsClient.<init>(JmdnsClient.java:22)
	at service.broker.JmdnsClient.getInstance(JmdnsClient.java:36)
	at service.broker.JmdnsClient.<init>(JmdnsClient.java:22)
	at service.broker.JmdnsClient.getInstance(JmdnsClient.java:36)
	at service.broker.JmdnsClient.<init>(JmdnsClient.java:22)
	at service.broker.JmdnsClient.getInstance(JmdnsClient.java:36)
	at service.broker.JmdnsClient.<init>(JmdnsClient.java:22)
	at service.broker.JmdnsClient.getInstance(JmdnsClient.java:36)
	at service.broker.JmdnsClient.<init>(JmdnsClient.java:22)
	at service.broker.JmdnsClient.getInstance(JmdnsClient.java:36)
	at service.broker.JmdnsClient.<init>(JmdnsClient.java:22)
	at service.broker.JmdnsClient.getInstance(JmdnsClient.java:36)
	at service.broker.JmdnsClient.<init>(JmdnsClient.java:22)
	at service.broker.JmdnsClient.getInstance(JmdnsClient.java:36)
	at service.broker.JmdnsClient.<init>(JmdnsClient.java:22)
	at service.broker.JmdnsClient.getInstance(JmdnsClient.java:36)
	at service.broker.JmdnsClient.<init>(JmdnsClient.java:22)
	at service.broker.JmdnsClient.getInstance(JmdnsClient.java:36)
	at service.broker.JmdnsClient.<init>(JmdnsClient.java:22)
	at service.broker.JmdnsClient.getInstance(JmdnsClient.java:36)
	at service.broker.JmdnsClient.<init>(JmdnsClient.java:22)
	at service.broker.JmdnsClient.getInstance(JmdnsClient.java:36)
	at service.broker.JmdnsClient.<init>(JmdnsClient.java:22)
	at service.broker.JmdnsClient.getInstance(JmdnsClient.java:36)
	at service.broker.JmdnsClient.<init>(JmdnsClient.java:22)
	at service.broker.JmdnsClient.getInstance(JmdnsClient.java:36)
	at service.broker.JmdnsClient.<init>(JmdnsClient.java:22)
	at service.broker.JmdnsClient.getInstance(JmdnsClient.java:36)
	at service.broker.JmdnsClient.<init>(JmdnsClient.java:22)
	at service.broker.JmdnsClient.getInstance(JmdnsClient.java:36)
	at service.broker.JmdnsClient.<init>(JmdnsClient.java:22)
	at service.broker.JmdnsClient.getInstance(JmdnsClient.java:36)
	at service.broker.JmdnsClient.<init>(JmdnsClient.java:22)
	at service.broker.JmdnsClient.getInstance(JmdnsClient.java:36)
	at service.broker.JmdnsClient.<init>(JmdnsClient.java:22)
	at service.broker.JmdnsClient.getInstance(JmdnsClient.java:36)
	at service.broker.JmdnsClient.<init>(JmdnsClient.java:22)
	at service.broker.JmdnsClient.getInstance(JmdnsClient.java:36)
	at service.broker.JmdnsClient.<init>(JmdnsClient.java:22)
	at service.broker.JmdnsClient.getInstance(JmdnsClient.java:36)
	at service.broker.JmdnsClient.<init>(JmdnsClient.java:22)
	at service.broker.JmdnsClient.getInstance(JmdnsClient.java:36)
	at service.broker.JmdnsClient.<init>(JmdnsClient.java:22)
	at service.broker.JmdnsClient.getInstance(JmdnsClient.java:36)
	at service.broker.JmdnsClient.<init>(JmdnsClient.java:22)
	at service.broker.JmdnsClient.getInstance(JmdnsClient.java:36)
	at service.broker.JmdnsClient.<init>(JmdnsClient.java:22)
	at service.broker.JmdnsClient.getInstance(JmdnsClient.java:36)
	at service.broker.JmdnsClient.<init>(JmdnsClient.java:22)
	at service.broker.JmdnsClient.getInstance(JmdnsClient.java:36)
	at service.broker.JmdnsClient.<init>(JmdnsClient.java:22)
	at service.broker.JmdnsClient.getInstance(JmdnsClient.java:36)
	at service.broker.JmdnsClient.<init>(JmdnsClient.java:22)
	at service.broker.JmdnsClient.getInstance(JmdnsClient.java:36)
	at service.broker.JmdnsClient.<init>(JmdnsClient.java:22)
	at service.broker.JmdnsClient.getInstance(JmdnsClient.java:36)
	at service.broker.JmdnsClient.<init>(JmdnsClient.java:22)
	at service.broker.JmdnsClient.getInstance(JmdnsClient.java:36)
	at service.broker.JmdnsClient.<init>(JmdnsClient.java:22)
	at service.broker.JmdnsClient.getInstance(JmdnsClient.java:36)
	at service.broker.JmdnsClient.<init>(JmdnsClient.java:22)
	at service.broker.JmdnsClient.getInstance(JmdnsClient.java:36)
	at service.broker.JmdnsClient.<init>(JmdnsClient.java:22)
	at service.broker.JmdnsClient.getInstance(JmdnsClient.java:36)
	at service.broker.JmdnsClient.<init>(JmdnsClient.java:22)
	at service.broker.JmdnsClient.getInstance(JmdnsClient.java:36)
	at service.broker.JmdnsClient.<init>(JmdnsClient.java:22)
	at service.broker.JmdnsClient.getInstance(JmdnsClient.java:36)
	at service.broker.JmdnsClient.<init>(JmdnsClient.java:22)
	at service.broker.JmdnsClient.getInstance(JmdnsClient.java:36)
	at service.broker.JmdnsClient.<init>(JmdnsClient.java:22)
	at service.broker.JmdnsClient.getInstance(JmdnsClient.java:36)
	at service.broker.JmdnsClient.<init>(JmdnsClient.java:22)
	at service.broker.JmdnsClient.getInstance(JmdnsClient.java:36)
	at service.broker.JmdnsClient.<init>(JmdnsClient.java:22)
	at service.broker.JmdnsClient.getInstance(JmdnsClient.java:36)
	at service.broker.JmdnsClient.<init>(JmdnsClient.java:22)
	at service.broker.JmdnsClient.getInstance(JmdnsClient.java:36)
	at service.broker.JmdnsClient.<init>(JmdnsClient.java:22)
	at service.broker.JmdnsClient.getInstance(JmdnsClient.java:36)
	at service.broker.JmdnsClient.<init>(JmdnsClient.java:22)
	at service.broker.JmdnsClient.getInstance(JmdnsClient.java:36)
	at service.broker.JmdnsClient.<init>(JmdnsClient.java:22)
	at service.broker.JmdnsClient.getInstance(JmdnsClient.java:36)
	at service.broker.JmdnsClient.<init>(JmdnsClient.java:22)
	at service.broker.JmdnsClient.getInstance(JmdnsClient.java:36)
	at service.broker.JmdnsClient.<init>(JmdnsClient.java:22)
	at service.broker.JmdnsClient.getInstance(JmdnsClient.java:36)
	at service.broker.JmdnsClient.<init>(JmdnsClient.java:22)
	at service.broker.JmdnsClient.getInstance(JmdnsClient.java:36)
	at service.broker.JmdnsClient.<init>(JmdnsClient.java:22)
	at service.broker.JmdnsClient.getInstance(JmdnsClient.java:36)
	at service.broker.JmdnsClient.<init>(JmdnsClient.java:22)
	at service.broker.JmdnsClient.getInstance(JmdnsClient.java:36)
	at service.broker.JmdnsClient.<init>(JmdnsClient.java:22)
	at service.broker.JmdnsClient.getInstance(JmdnsClient.java:36)
	at service.broker.JmdnsClient.<init>(JmdnsClient.java:22)
	at service.broker.JmdnsClient.getInstance(JmdnsClient.java:36)
	at service.broker.JmdnsClient.<init>(JmdnsClient.java:22)
	at service.broker.JmdnsClient.getInstance(JmdnsClient.java:36)
	at service.broker.JmdnsClient.<init>(JmdnsClient.java:22)
	at service.broker.JmdnsClient.getInstance(JmdnsClient.java:36)
	at service.broker.JmdnsClient.<init>(JmdnsClient.java:22)
	at service.broker.JmdnsClient.getInstance(JmdnsClient.java:36)
	at service.broker.JmdnsClient.<init>(JmdnsClient.java:22)
	at service.broker.JmdnsClient.getInstance(JmdnsClient.java:36)
	at service.broker.JmdnsClient.<init>(JmdnsClient.java:22)
	at service.broker.JmdnsClient.getInstance(JmdnsClient.java:36)
	at service.broker.JmdnsClient.<init>(JmdnsClient.java:22)
	at service.broker.JmdnsClient.getInstance(JmdnsClient.java:36)
	at service.broker.JmdnsClient.<init>(JmdnsClient.java:22)
	at service.broker.JmdnsClient.getInstance(JmdnsClient.java:36)
	at service.broker.JmdnsClient.<init>(JmdnsClient.java:22)
	at service.broker.JmdnsClient.getInstance(JmdnsClient.java:36)
	at service.broker.JmdnsClient.<init>(JmdnsClient.java:22)
	at service.broker.JmdnsClient.getInstance(JmdnsClient.java:36)
	at service.broker.JmdnsClient.<init>(JmdnsClient.java:22)
	at service.broker.JmdnsClient.getInstance(JmdnsClient.java:36)
	at service.broker.JmdnsClient.<init>(JmdnsClient.java:22)
	at service.broker.JmdnsClient.getInstance(JmdnsClient.java:36)
	at service.broker.JmdnsClient.<init>(JmdnsClient.java:22)
	at service.broker.JmdnsClient.getInstance(JmdnsClient.java:36)
	at service.broker.JmdnsClient.<init>(JmdnsClient.java:22)
	at service.broker.JmdnsClient.getInstance(JmdnsClient.java:36)
	at service.broker.JmdnsClient.<init>(JmdnsClient.java:22)
	at service.broker.JmdnsClient.getInstance(JmdnsClient.java:36)
	at service.broker.JmdnsClient.<init>(JmdnsClient.java:22)
	at service.broker.JmdnsClient.getInstance(JmdnsClient.java:36)
	at service.broker.JmdnsClient.<init>(JmdnsClient.java:22)
	at service.broker.JmdnsClient.getInstance(JmdnsClient.java:36)
	at service.broker.JmdnsClient.<init>(JmdnsClient.java:22)
	at service.broker.JmdnsClient.getInstance(JmdnsClient.java:36)
	at service.broker.JmdnsClient.<init>(JmdnsClient.java:22)
	at service.broker.JmdnsClient.getInstance(JmdnsClient.java:36)
	at service.broker.JmdnsClient.<init>(JmdnsClient.java:22)
	at service.broker.JmdnsClient.getInstance(JmdnsClient.java:36)
	at service.broker.JmdnsClient.<init>(JmdnsClient.java:22)
	at service.broker.JmdnsClient.getInstance(JmdnsClient.java:36)
	at service.broker.JmdnsClient.<init>(JmdnsClient.java:22)
	at service.broker.JmdnsClient.getInstance(JmdnsClient.java:36)
	at service.broker.JmdnsClient.<init>(JmdnsClient.java:22)
	at service.broker.JmdnsClient.getInstance(JmdnsClient.java:36)
	at service.broker.JmdnsClient.<init>(JmdnsClient.java:22)
	at service.broker.JmdnsClient.getInstance(JmdnsClient.java:36)
	at service.broker.JmdnsClient.<init>(JmdnsClient.java:22)
	at service.broker.JmdnsClient.getInstance(JmdnsClient.java:36)
	at service.broker.JmdnsClient.<init>(JmdnsClient.java:22)
	at service.broker.JmdnsClient.getInstance(JmdnsClient.java:36)
	at service.broker.JmdnsClient.<init>(JmdnsClient.java:22)
	at service.broker.JmdnsClient.getInstance(JmdnsClient.java:36)
	at service.broker.JmdnsClient.<init>(JmdnsClient.java:22)
	at service.broker.JmdnsClient.getInstance(JmdnsClient.java:36)
	at service.broker.JmdnsClient.<init>(JmdnsClient.java:22)
	at service.broker.JmdnsClient.getInstance(JmdnsClient.java:36)
	at service.broker.JmdnsClient.<init>(JmdnsClient.java:22)
	at service.broker.JmdnsClient.getInstance(JmdnsClient.java:36)
	at service.broker.JmdnsClient.<init>(JmdnsClient.java:22)
	at service.broker.JmdnsClient.getInstance(JmdnsClient.java:36)
	at service.broker.JmdnsClient.<init>(JmdnsClient.java:22)
	at service.broker.JmdnsClient.getInstance(JmdnsClient.java:36)
	at service.broker.JmdnsClient.<init>(JmdnsClient.java:22)
	at service.broker.JmdnsClient.getInstance(JmdnsClient.java:36)
	at service.broker.JmdnsClient.<init>(JmdnsClient.java:22)
	at service.broker.JmdnsClient.getInstance(JmdnsClient.java:36)
	at service.broker.JmdnsClient.<init>(JmdnsClient.java:22)
	at service.broker.JmdnsClient.getInstance(JmdnsClient.java:36)
	at service.broker.JmdnsClient.<init>(JmdnsClient.java:22)
	at service.broker.JmdnsClient.getInstance(JmdnsClient.java:36)
	at service.broker.JmdnsClient.<init>(JmdnsClient.java:22)
	at service.broker.JmdnsClient.getInstance(JmdnsClient.java:36)
	at service.broker.JmdnsClient.<init>(JmdnsClient.java:22)
	at service.broker.JmdnsClient.getInstance(JmdnsClient.java:36)
	at service.broker.JmdnsClient.<init>(JmdnsClient.java:22)
	at service.broker.JmdnsClient.getInstance(JmdnsClient.java:36)
	at service.broker.JmdnsClient.<init>(JmdnsClient.java:22)
	at service.broker.JmdnsClient.getInstance(JmdnsClient.java:36)
	at service.broker.JmdnsClient.<init>(JmdnsClient.java:22)
	at service.broker.JmdnsClient.getInstance(JmdnsClient.java:36)
	at service.broker.JmdnsClient.<init>(JmdnsClient.java:22)
	at service.broker.JmdnsClient.getInstance(JmdnsClient.java:36)
	at service.broker.JmdnsClient.<init>(JmdnsClient.java:22)
	at service.broker.JmdnsClient.getInstance(JmdnsClient.java:36)
	at service.broker.JmdnsClient.<init>(JmdnsClient.java:22)
	at service.broker.JmdnsClient.getInstance(JmdnsClient.java:36)
	at service.broker.JmdnsClient.<init>(JmdnsClient.java:22)
	at service.broker.JmdnsClient.getInstance(JmdnsClient.java:36)
	at service.broker.JmdnsClient.<init>(JmdnsClient.java:22)
	at service.broker.JmdnsClient.getInstance(JmdnsClient.java:36)
	at service.broker.JmdnsClient.<init>(JmdnsClient.java:22)
	at service.broker.JmdnsClient.getInstance(JmdnsClient.java:36)
	at service.broker.JmdnsClient.<init>(JmdnsClient.java:22)
	at service.broker.JmdnsClient.getInstance(JmdnsClient.java:36)
	at service.broker.JmdnsClient.<init>(JmdnsClient.java:22)
	at service.broker.JmdnsClient.getInstance(JmdnsClient.java:36)
	at service.broker.JmdnsClient.<init>(JmdnsClient.java:22)
	at service.broker.JmdnsClient.getInstance(JmdnsClient.java:36)
	at service.broker.JmdnsClient.<init>(JmdnsClient.java:22)
	at service.broker.JmdnsClient.getInstance(JmdnsClient.java:36)
	at service.broker.JmdnsClient.<init>(JmdnsClient.java:22)
	at service.broker.JmdnsClient.getInstance(JmdnsClient.java:36)
	at service.broker.JmdnsClient.<init>(JmdnsClient.java:22)
	at service.broker.JmdnsClient.getInstance(JmdnsClient.java:36)
	at service.broker.JmdnsClient.<init>(JmdnsClient.java:22)
	at service.broker.JmdnsClient.getInstance(JmdnsClient.java:36)
	at service.broker.JmdnsClient.<init>(JmdnsClient.java:22)
	at service.broker.JmdnsClient.getInstance(JmdnsClient.java:36)
	at service.broker.JmdnsClient.<init>(JmdnsClient.java:22)
	at service.broker.JmdnsClient.getInstance(JmdnsClient.java:36)
	at service.broker.JmdnsClient.<init>(JmdnsClient.java:22)
	at service.broker.JmdnsClient.getInstance(JmdnsClient.java:36)
	at service.broker.JmdnsClient.<init>(JmdnsClient.java:22)
	at service.broker.JmdnsClient.getInstance(JmdnsClient.java:36)
	at service.broker.JmdnsClient.<init>(JmdnsClient.java:22)
	at service.broker.JmdnsClient.getInstance(JmdnsClient.java:36)
	at service.broker.JmdnsClient.<init>(JmdnsClient.java:22)
	at service.broker.JmdnsClient.getInstance(JmdnsClient.java:36)
	at service.broker.JmdnsClient.<init>(JmdnsClient.java:22)
	at service.broker.JmdnsClient.getInstance(JmdnsClient.java:36)
	at service.broker.JmdnsClient.<init>(JmdnsClient.java:22)
	at service.broker.JmdnsClient.getInstance(JmdnsClient.java:36)
	at service.broker.JmdnsClient.<init>(JmdnsClient.java:22)
	at service.broker.JmdnsClient.getInstance(JmdnsClient.java:36)
	at service.broker.JmdnsClient.<init>(JmdnsClient.java:22)
	at service.broker.JmdnsClient.getInstance(JmdnsClient.java:36)
	at service.broker.JmdnsClient.<init>(JmdnsClient.java:22)
	at service.broker.JmdnsClient.getInstance(JmdnsClient.java:36)
	at service.broker.JmdnsClient.<init>(JmdnsClient.java:22)
	at service.broker.JmdnsClient.getInstance(JmdnsClient.java:36)
	at service.broker.JmdnsClient.<init>(JmdnsClient.java:22)
	at service.broker.JmdnsClient.getInstance(JmdnsClient.java:36)
	at service.broker.JmdnsClient.<init>(JmdnsClient.java:22)
	at service.broker.JmdnsClient.getInstance(JmdnsClient.java:36)
	at service.broker.JmdnsClient.<init>(JmdnsClient.java:22)
	at service.broker.JmdnsClient.getInstance(JmdnsClient.java:36)
	at service.broker.JmdnsClient.<init>(JmdnsClient.java:22)
	at service.broker.JmdnsClient.getInstance(JmdnsClient.java:36)
	at service.broker.JmdnsClient.<init>(JmdnsClient.java:22)
	at service.broker.JmdnsClient.getInstance(JmdnsClient.java:36)
	at service.broker.JmdnsClient.<init>(JmdnsClient.java:22)
	at service.broker.JmdnsClient.getInstance(JmdnsClient.java:36)
	at service.broker.JmdnsClient.<init>(JmdnsClient.java:22)
	at service.broker.JmdnsClient.getInstance(JmdnsClient.java:36)
	at service.broker.JmdnsClient.<init>(JmdnsClient.java:22)
	at service.broker.JmdnsClient.getInstance(JmdnsClient.java:36)
	at service.broker.JmdnsClient.<init>(JmdnsClient.java:22)
	at service.broker.JmdnsClient.getInstance(JmdnsClient.java:36)
	at service.broker.JmdnsClient.<init>(JmdnsClient.java:22)
	at service.broker.JmdnsClient.getInstance(JmdnsClient.java:36)
	at service.broker.JmdnsClient.<init>(JmdnsClient.java:22)
	at service.broker.JmdnsClient.getInstance(JmdnsClient.java:36)
	at service.broker.JmdnsClient.<init>(JmdnsClient.java:22)
	at service.broker.JmdnsClient.getInstance(JmdnsClient.java:36)
	at service.broker.JmdnsClient.<init>(JmdnsClient.java:22)
	at service.broker.JmdnsClient.getInstance(JmdnsClient.java:36)
	at service.broker.JmdnsClient.<init>(JmdnsClient.java:22)
	at service.broker.JmdnsClient.getInstance(JmdnsClient.java:36)
	at service.broker.JmdnsClient.<init>(JmdnsClient.java:22)
	at service.broker.JmdnsClient.getInstance(JmdnsClient.java:36)
	at service.broker.JmdnsClient.<init>(JmdnsClient.java:22)
	at service.broker.JmdnsClient.getInstance(JmdnsClient.java:36)
	at service.broker.JmdnsClient.<init>(JmdnsClient.java:22)
	at service.broker.JmdnsClient.getInstance(JmdnsClient.java:36)
	at service.broker.JmdnsClient.<init>(JmdnsClient.java:22)
	at service.broker.JmdnsClient.getInstance(JmdnsClient.java:36)
	at service.broker.JmdnsClient.<init>(JmdnsClient.java:22)
	at service.broker.JmdnsClient.getInstance(JmdnsClient.java:36)
	at service.broker.JmdnsClient.<init>(JmdnsClient.java:22)
	at service.broker.JmdnsClient.getInstance(JmdnsClient.java:36)
	at service.broker.JmdnsClient.<init>(JmdnsClient.java:22)
	at service.broker.JmdnsClient.getInstance(JmdnsClient.java:36)
	at service.broker.JmdnsClient.<init>(JmdnsClient.java:22)
	at service.broker.JmdnsClient.getInstance(JmdnsClient.java:36)
	at service.broker.JmdnsClient.<init>(JmdnsClient.java:22)
	at service.broker.JmdnsClient.getInstance(JmdnsClient.java:36)
	at service.broker.JmdnsClient.<init>(JmdnsClient.java:22)
	at service.broker.JmdnsClient.getInstance(JmdnsClient.java:36)
	at service.broker.JmdnsClient.<init>(JmdnsClient.java:22)
	at service.broker.JmdnsClient.getInstance(JmdnsClient.java:36)
	at service.broker.JmdnsClient.<init>(JmdnsClient.java:22)
	at service.broker.JmdnsClient.getInstance(JmdnsClient.java:36)
	at service.broker.JmdnsClient.<init>(JmdnsClient.java:22)
	at service.broker.JmdnsClient.getInstance(JmdnsClient.java:36)
	at service.broker.JmdnsClient.<init>(JmdnsClient.java:22)
	at service.broker.JmdnsClient.getInstance(JmdnsClient.java:36)
	at service.broker.JmdnsClient.<init>(JmdnsClient.java:22)
	at service.broker.JmdnsClient.getInstance(JmdnsClient.java:36)
	at service.broker.JmdnsClient.<init>(JmdnsClient.java:22)
	at service.broker.JmdnsClient.getInstance(JmdnsClient.java:36)
	at service.broker.JmdnsClient.<init>(JmdnsClient.java:22)
	at service.broker.JmdnsClient.getInstance(JmdnsClient.java:36)
	at service.broker.JmdnsClient.<init>(JmdnsClient.java:22)
	at service.broker.JmdnsClient.getInstance(JmdnsClient.java:36)
	at service.broker.JmdnsClient.<init>(JmdnsClient.java:22)
	at service.broker.JmdnsClient.getInstance(JmdnsClient.java:36)
	at service.broker.JmdnsClient.<init>(JmdnsClient.java:22)
	at service.broker.JmdnsClient.getInstance(JmdnsClient.java:36)
	at service.broker.JmdnsClient.<init>(JmdnsClient.java:22)
	at service.broker.JmdnsClient.getInstance(JmdnsClient.java:36)
	at service.broker.JmdnsClient.<init>(JmdnsClient.java:22)
	at service.broker.JmdnsClient.getInstance(JmdnsClient.java:36)
	at service.broker.JmdnsClient.<init>(JmdnsClient.java:22)
	at service.broker.JmdnsClient.getInstance(JmdnsClient.java:36)
	at service.broker.JmdnsClient.<init>(JmdnsClient.java:22)
	at service.broker.JmdnsClient.getInstance(JmdnsClient.java:36)
	at service.broker.JmdnsClient.<init>(JmdnsClient.java:22)
	at service.broker.JmdnsClient.getInstance(JmdnsClient.java:36)
	at service.broker.JmdnsClient.<init>(JmdnsClient.java:22)
	at service.broker.JmdnsClient.getInstance(JmdnsClient.java:36)
	at service.broker.JmdnsClient.<init>(JmdnsClient.java:22)
	at service.broker.JmdnsClient.getInstance(JmdnsClient.java:36)
	at service.broker.JmdnsClient.<init>(JmdnsClient.java:22)
	at service.broker.JmdnsClient.getInstance(JmdnsClient.java:36)
	at service.broker.JmdnsClient.<init>(JmdnsClient.java:22)
	at service.broker.JmdnsClient.getInstance(JmdnsClient.java:36)
	at service.broker.JmdnsClient.<init>(JmdnsClient.java:22)
	at service.broker.JmdnsClient.getInstance(JmdnsClient.java:36)
	at service.broker.JmdnsClient.<init>(JmdnsClient.java:22)
	at service.broker.JmdnsClient.getInstance(JmdnsClient.java:36)
	at service.broker.JmdnsClient.<init>(JmdnsClient.java:22)
	at service.broker.JmdnsClient.getInstance(JmdnsClient.java:36)
	at service.broker.JmdnsClient.<init>(JmdnsClient.java:22)
	at service.broker.JmdnsClient.getInstance(JmdnsClient.java:36)
	at service.broker.JmdnsClient.<init>(JmdnsClient.java:22)
	at service.broker.JmdnsClient.getInstance(JmdnsClient.java:36)
	at service.broker.JmdnsClient.<init>(JmdnsClient.java:22)
	at service.broker.JmdnsClient.getInstance(JmdnsClient.java:36)
	at service.broker.JmdnsClient.<init>(JmdnsClient.java:22)
	at service.broker.JmdnsClient.getInstance(JmdnsClient.java:36)
	at service.broker.JmdnsClient.<init>(JmdnsClient.java:22)
	at service.broker.JmdnsClient.getInstance(JmdnsClient.java:36)
	at service.broker.JmdnsClient.<init>(JmdnsClient.java:22)
	at service.broker.JmdnsClient.getInstance(JmdnsClient.java:36)
	at service.broker.JmdnsClient.<init>(JmdnsClient.java:22)
	at service.broker.JmdnsClient.getInstance(JmdnsClient.java:36)
	at service.broker.JmdnsClient.<init>(JmdnsClient.java:22)
	at service.broker.JmdnsClient.getInstance(JmdnsClient.java:36)
	at service.broker.JmdnsClient.<init>(JmdnsClient.java:22)
	at service.broker.JmdnsClient.getInstance(JmdnsClient.java:36)
	at service.broker.JmdnsClient.<init>(JmdnsClient.java:22)
	at service.broker.JmdnsClient.getInstance(JmdnsClient.java:36)
	at service.broker.JmdnsClient.<init>(JmdnsClient.java:22)
	at service.broker.JmdnsClient.getInstance(JmdnsClient.java:36)
	at service.broker.JmdnsClient.<init>(JmdnsClient.java:22)
	at service.broker.JmdnsClient.getInstance(JmdnsClient.java:36)
	at service.broker.JmdnsClient.<init>(JmdnsClient.java:22)

